2025-03-26T17:41:00.382Z - info: Website generation started at 1:41:00 AM
2025-03-26T17:41:00.407Z - info: Building assets...
2025-03-26T17:41:00.435Z - info: Assets built
2025-03-26T17:41:00.435Z - info: Generating pages...
2025-03-26T17:41:00.722Z - warn: You might have an invalid intra-link! Ignore this warning if it was intended.
'/tp/team/johndoe.html' found in file '/Users/hfr/Desktop/tp/docs/team/ki1r0.md'
2025-03-26T17:41:00.723Z - warn: You might have an invalid intra-link! Ignore this warning if it was intended.
'/tp/team/team/ki1r0.html' found in file '/Users/hfr/Desktop/tp/docs/team/ki1r0.md'
2025-03-26T17:41:00.723Z - warn: You might have an invalid intra-link! Ignore this warning if it was intended.
'/tp/images/ArchitectureDiagram.png' found in file '/Users/hfr/Desktop/tp/docs/DeveloperGuide.md'
2025-03-26T17:41:00.723Z - warn: You might have an invalid intra-link! Ignore this warning if it was intended.
'/tp/images/ArchitectureSequenceDiagram.png' found in file '/Users/hfr/Desktop/tp/docs/DeveloperGuide.md'
2025-03-26T17:41:00.724Z - warn: You might have an invalid intra-link! Ignore this warning if it was intended.
'/tp/images/ComponentManagers.png' found in file '/Users/hfr/Desktop/tp/docs/DeveloperGuide.md'
2025-03-26T17:41:00.724Z - warn: You might have an invalid intra-link! Ignore this warning if it was intended.
'/tp/images/UiClassDiagram.png' found in file '/Users/hfr/Desktop/tp/docs/DeveloperGuide.md'
2025-03-26T17:41:00.724Z - warn: You might have an invalid intra-link! Ignore this warning if it was intended.
'/tp/images/LogicClassDiagram.png' found in file '/Users/hfr/Desktop/tp/docs/DeveloperGuide.md'
2025-03-26T17:41:00.724Z - warn: You might have an invalid intra-link! Ignore this warning if it was intended.
'/tp/images/DeleteSequenceDiagram.png' found in file '/Users/hfr/Desktop/tp/docs/DeveloperGuide.md'
2025-03-26T17:41:00.724Z - warn: You might have an invalid intra-link! Ignore this warning if it was intended.
'/tp/images/ParserClasses.png' found in file '/Users/hfr/Desktop/tp/docs/DeveloperGuide.md'
2025-03-26T17:41:00.724Z - warn: You might have an invalid intra-link! Ignore this warning if it was intended.
'/tp/images/ModelClassDiagram.png' found in file '/Users/hfr/Desktop/tp/docs/DeveloperGuide.md'
2025-03-26T17:41:00.725Z - warn: You might have an invalid intra-link! Ignore this warning if it was intended.
'/tp/images/BetterModelClassDiagram.png' found in file '/Users/hfr/Desktop/tp/docs/DeveloperGuide.md'
2025-03-26T17:41:00.725Z - warn: You might have an invalid intra-link! Ignore this warning if it was intended.
'/tp/images/StorageClassDiagram.png' found in file '/Users/hfr/Desktop/tp/docs/DeveloperGuide.md'
2025-03-26T17:41:00.725Z - warn: You might have an invalid intra-link! Ignore this warning if it was intended.
'/tp/images/UndoRedoState0.png' found in file '/Users/hfr/Desktop/tp/docs/DeveloperGuide.md'
2025-03-26T17:41:00.725Z - warn: You might have an invalid intra-link! Ignore this warning if it was intended.
'/tp/images/UndoRedoState1.png' found in file '/Users/hfr/Desktop/tp/docs/DeveloperGuide.md'
2025-03-26T17:41:00.725Z - warn: You might have an invalid intra-link! Ignore this warning if it was intended.
'/tp/images/UndoRedoState2.png' found in file '/Users/hfr/Desktop/tp/docs/DeveloperGuide.md'
2025-03-26T17:41:00.725Z - warn: You might have an invalid intra-link! Ignore this warning if it was intended.
'/tp/images/UndoRedoState3.png' found in file '/Users/hfr/Desktop/tp/docs/DeveloperGuide.md'
2025-03-26T17:41:00.725Z - warn: You might have an invalid intra-link! Ignore this warning if it was intended.
'/tp/images/UndoRedoState4.png' found in file '/Users/hfr/Desktop/tp/docs/DeveloperGuide.md'
2025-03-26T17:41:00.725Z - warn: You might have an invalid intra-link! Ignore this warning if it was intended.
'/tp/images/UndoRedoState5.png' found in file '/Users/hfr/Desktop/tp/docs/DeveloperGuide.md'
2025-03-26T17:41:00.725Z - warn: You might have an invalid intra-link! Ignore this warning if it was intended.
'/tp/images/CommitActivityDiagram.png' found in file '/Users/hfr/Desktop/tp/docs/DeveloperGuide.md'
2025-03-26T17:41:00.725Z - info: Pages built
2025-03-26T17:41:00.820Z - info: Site data built
2025-03-26T17:41:00.821Z - info: Website generation complete! Total build time: 0.499s
2025-03-26T17:41:00.829Z - info: Serving "/Users/hfr/Desktop/tp/docs/_site" at http://127.0.0.1:8080
2025-03-26T17:41:00.829Z - info: Press CTRL+C to stop ...
